#! /usr/bin/vvp
:ivl_version "12.0 (stable)" "(v12_0-dirty)";
:ivl_delay_selection "TYPICAL";
:vpi_time_precision + 0;
:vpi_module "/usr/lib/ivl/system.vpi";
:vpi_module "/usr/lib/ivl/vhdl_sys.vpi";
:vpi_module "/usr/lib/ivl/vhdl_textio.vpi";
:vpi_module "/usr/lib/ivl/v2005_math.vpi";
:vpi_module "/usr/lib/ivl/va_math.vpi";
S_0x5590f33b16c0 .scope module, "data_memory_test" "data_memory_test" 2 1;
 .timescale 0 0;
v0x5590f33c8eb0_0 .var "addr", 31 0;
v0x5590f33c8f90_0 .var "clk", 0 0;
v0x5590f33c9030_0 .net "rdata", 31 0, v0x5590f33c8c30_0;  1 drivers
v0x5590f33c9130_0 .var "re", 0 0;
v0x5590f33c9200_0 .var "wdata", 31 0;
v0x5590f33c92f0_0 .var "we", 0 0;
S_0x5590f33b1850 .scope module, "DMEM" "data_memory" 2 10, 3 1 0, S_0x5590f33b16c0;
 .timescale 0 0;
    .port_info 0 /INPUT 1 "clock";
    .port_info 1 /INPUT 1 "memwrite";
    .port_info 2 /INPUT 1 "memread";
    .port_info 3 /INPUT 32 "address";
    .port_info 4 /INPUT 32 "writedata";
    .port_info 5 /OUTPUT 32 "readdata";
v0x5590f33a1180_0 .net "address", 31 0, v0x5590f33c8eb0_0;  1 drivers
v0x5590f33c8900_0 .net "clock", 0 0, v0x5590f33c8f90_0;  1 drivers
v0x5590f33c89c0 .array "memory", 254 0, 31 0;
v0x5590f33c8a60_0 .net "memread", 0 0, v0x5590f33c9130_0;  1 drivers
v0x5590f33c8b20_0 .net "memwrite", 0 0, v0x5590f33c92f0_0;  1 drivers
v0x5590f33c8c30_0 .var "readdata", 31 0;
v0x5590f33c8d10_0 .net "writedata", 31 0, v0x5590f33c9200_0;  1 drivers
E_0x5590f33af870 .event posedge, v0x5590f33c8900_0;
    .scope S_0x5590f33b1850;
T_0 ;
    %wait E_0x5590f33af870;
    %load/vec4 v0x5590f33c8b20_0;
    %flag_set/vec4 8;
    %jmp/0xz  T_0.0, 8;
    %load/vec4 v0x5590f33c8d10_0;
    %load/vec4 v0x5590f33a1180_0;
    %parti/s 8, 2, 3;
    %pad/u 10;
    %ix/vec4 3;
    %ix/load 4, 0, 0; Constant delay
    %assign/vec4/a/d v0x5590f33c89c0, 0, 4;
T_0.0 ;
    %load/vec4 v0x5590f33c8a60_0;
    %flag_set/vec4 8;
    %jmp/0xz  T_0.2, 8;
    %load/vec4 v0x5590f33a1180_0;
    %parti/s 8, 2, 3;
    %pad/u 10;
    %ix/vec4 4;
    %load/vec4a v0x5590f33c89c0, 4;
    %assign/vec4 v0x5590f33c8c30_0, 0;
T_0.2 ;
    %jmp T_0;
    .thread T_0;
    .scope S_0x5590f33b16c0;
T_1 ;
    %pushi/vec4 0, 0, 1;
    %store/vec4 v0x5590f33c8f90_0, 0, 1;
    %end;
    .thread T_1;
    .scope S_0x5590f33b16c0;
T_2 ;
    %delay 5, 0;
    %load/vec4 v0x5590f33c8f90_0;
    %inv;
    %store/vec4 v0x5590f33c8f90_0, 0, 1;
    %jmp T_2;
    .thread T_2;
    .scope S_0x5590f33b16c0;
T_3 ;
    %vpi_call 2 23 "$display", "Starting Data Memory Test" {0 0 0};
    %pushi/vec4 1, 0, 1;
    %store/vec4 v0x5590f33c92f0_0, 0, 1;
    %pushi/vec4 0, 0, 1;
    %store/vec4 v0x5590f33c9130_0, 0, 1;
    %pushi/vec4 0, 0, 32;
    %store/vec4 v0x5590f33c8eb0_0, 0, 32;
    %pushi/vec4 2863315899, 0, 32;
    %store/vec4 v0x5590f33c9200_0, 0, 32;
    %delay 10, 0;
    %pushi/vec4 4, 0, 32;
    %store/vec4 v0x5590f33c8eb0_0, 0, 32;
    %pushi/vec4 305419896, 0, 32;
    %store/vec4 v0x5590f33c9200_0, 0, 32;
    %delay 10, 0;
    %pushi/vec4 8, 0, 32;
    %store/vec4 v0x5590f33c8eb0_0, 0, 32;
    %pushi/vec4 3735928559, 0, 32;
    %store/vec4 v0x5590f33c9200_0, 0, 32;
    %pushi/vec4 0, 0, 1;
    %store/vec4 v0x5590f33c92f0_0, 0, 1;
    %pushi/vec4 1, 0, 1;
    %store/vec4 v0x5590f33c9130_0, 0, 1;
    %pushi/vec4 0, 0, 32;
    %store/vec4 v0x5590f33c9200_0, 0, 32;
    %pushi/vec4 0, 0, 32;
    %store/vec4 v0x5590f33c8eb0_0, 0, 32;
    %delay 10, 0;
    %pushi/vec4 4, 0, 32;
    %store/vec4 v0x5590f33c8eb0_0, 0, 32;
    %delay 10, 0;
    %pushi/vec4 8, 0, 32;
    %store/vec4 v0x5590f33c8eb0_0, 0, 32;
    %delay 10, 0;
    %vpi_call 2 43 "$finish" {0 0 0};
    %end;
    .thread T_3;
    .scope S_0x5590f33b16c0;
T_4 ;
    %vpi_call 2 47 "$monitor", "Time: %0t\012Address: %0d\012MemWrite: %b\012MemRead: %b\012Data: 0x%h\012RData: 0x%h\012", $time, v0x5590f33c8eb0_0, v0x5590f33c92f0_0, v0x5590f33c9130_0, v0x5590f33c9200_0, v0x5590f33c9030_0 {0 0 0};
    %end;
    .thread T_4;
# The file index is used to find the file name in the following table.
:file_names 4;
    "N/A";
    "<interactive>";
    "data_memory/data_memory_test.v";
    "data_memory/data_memory.v";
